<?xml version="1.0" encoding="UTF-8"?>
<!-- Generated by org.testng.reporters.JUnitReportReporter -->
<testsuite skipped="0" hostname="Purendra" name="LearningTestNG.LearningTestNG1" tests="2" failures="0" timestamp="13 Aug 2017 09:52:21 GMT" time="54.370" errors="0">
  <testcase name="verifyUser" time="9.583" classname="LearningTestNG.LearningTestNG1"/>
  <testcase name="verifyPost" time="44.787" classname="LearningTestNG.LearningTestNG1"/>
</testsuite> <!-- LearningTestNG.LearningTestNG1 -->
